app/build/intermediates/manifest_merge_blame_file/debug/manifest-merger-blame-debug-report.txt
1<?xml version="1.0" encoding="utf-8"?>
2<manifest xmlns:android="http://schemas.android.com/apk/res/android"
3    package="com.example.parstagram"
4    android:versionCode="1"
5    android:versionName="1.0" >
6
7    <uses-sdk
8        android:minSdkVersion="21"
8-->src\main\AndroidManifest.xml
9        android:targetSdkVersion="30" />
9-->src\main\AndroidManifest.xml
10
11    <uses-permission android:name="android.permission.INTERNET" />
11-->src\main\AndroidManifest.xml:5:5-67
11-->src\main\AndroidManifest.xml:5:22-64
12    <uses-permission android:name="android.permission.ACCESS_NETWORK_STATE" />
12-->src\main\AndroidManifest.xml:6:5-79
12-->src\main\AndroidManifest.xml:6:22-76
13
14    <application
14-->src\main\AndroidManifest.xml:8:5-34:19
15        android:name="com.example.parstagram.ParseApplication"
15-->src\main\AndroidManifest.xml:10:9-41
16        android:allowBackup="true"
16-->src\main\AndroidManifest.xml:11:9-35
17        android:appComponentFactory="androidx.core.app.CoreComponentFactory"
17-->[androidx.core:core:1.3.1] AndroidManifest.xml:24:18-86
18        android:debuggable="true"
19        android:icon="@mipmap/ic_launcher"
19-->src\main\AndroidManifest.xml:12:9-43
20        android:label="@string/app_name"
20-->src\main\AndroidManifest.xml:13:9-41
21        android:roundIcon="@mipmap/ic_launcher_round"
21-->src\main\AndroidManifest.xml:14:9-54
22        android:supportsRtl="true"
22-->src\main\AndroidManifest.xml:15:9-35
23        android:testOnly="true"
24        android:theme="@style/Theme.ParstaGram"
24-->src\main\AndroidManifest.xml:16:9-48
25        android:usesCleartextTraffic="true" >
25-->src\main\AndroidManifest.xml:9:9-44
26        <provider
26-->src\main\AndroidManifest.xml:17:9-25:20
27            android:name="androidx.core.content.FileProvider"
27-->src\main\AndroidManifest.xml:18:13-62
28            android:authorities="com.codepath.fileprovider"
28-->src\main\AndroidManifest.xml:19:13-60
29            android:exported="false"
29-->src\main\AndroidManifest.xml:20:13-37
30            android:grantUriPermissions="true" >
30-->src\main\AndroidManifest.xml:21:13-47
31            <meta-data
31-->src\main\AndroidManifest.xml:22:13-24:56
32                android:name="android.support.FILE_PROVIDER_PATHS"
32-->src\main\AndroidManifest.xml:23:17-67
33                android:resource="@xml/fileprovider" />
33-->src\main\AndroidManifest.xml:24:17-53
34        </provider>
35
36        <activity android:name="com.example.parstagram.LoginActivity" >
36-->src\main\AndroidManifest.xml:26:9-32:20
36-->src\main\AndroidManifest.xml:26:19-48
37            <intent-filter>
37-->src\main\AndroidManifest.xml:27:13-31:29
38                <action android:name="android.intent.action.MAIN" />
38-->src\main\AndroidManifest.xml:28:17-69
38-->src\main\AndroidManifest.xml:28:25-66
39
40                <category android:name="android.intent.category.LAUNCHER" />
40-->src\main\AndroidManifest.xml:30:17-77
40-->src\main\AndroidManifest.xml:30:27-74
41            </intent-filter>
42        </activity>
43        <activity android:name="com.example.parstagram.MainActivity" />
43-->src\main\AndroidManifest.xml:33:9-59
43-->src\main\AndroidManifest.xml:33:19-47
44    </application>
45
46</manifest>